Build started 2/21/2013 9:54:26 PM.
     1>Project "C:\Users\Bas2\Git\TheNerdyGames\NerdyGame\NerdyGame\NerdyGame.vcxproj" on node 2 (build target(s)).
     1>InitializeBuildStatus:
         Touching "Debug\NerdyGame.unsuccessfulbuild".
       ClCompile:
         All outputs are up-to-date.
       ManifestResourceCompile:
         All outputs are up-to-date.
       Link:
         C:\Program Files (x86)\Microsoft Visual Studio 10.0\VC\bin\link.exe /ERRORREPORT:PROMPT /OUT:"C:\Users\Bas2\Git\TheNerdyGames\NerdyGame\Debug\NerdyGame.exe" /INCREMENTAL /NOLOGO kernel32.lib user32.lib gdi32.lib winspool.lib comdlg32.lib advapi32.lib shell32.lib ole32.lib oleaut32.lib uuid.lib odbc32.lib odbccp32.lib /MANIFEST /ManifestFile:"Debug\NerdyGame.exe.intermediate.manifest" /MANIFESTUAC:"level='asInvoker' uiAccess='false'" /DEBUG /PDB:"C:\Users\Bas2\Git\TheNerdyGames\NerdyGame\Debug\NerdyGame.pdb" /SUBSYSTEM:CONSOLE /TLBID:1 /DYNAMICBASE /NXCOMPAT /IMPLIB:"C:\Users\Bas2\Git\TheNerdyGames\NerdyGame\Debug\NerdyGame.lib" /MACHINE:X86 Debug\NerdyGame.exe.embed.manifest.res
         Debug\main.obj
     1>LINK : fatal error LNK1104: cannot open file 'Irrlicht.lib'
     1>Done Building Project "C:\Users\Bas2\Git\TheNerdyGames\NerdyGame\NerdyGame\NerdyGame.vcxproj" (build target(s)) -- FAILED.

Build FAILED.

Time Elapsed 00:00:00.25
